2025-11-08 16:36:09 [main] INFO  BaseClass - config.properties file loaded
2025-11-08 16:36:12 [main] INFO  BaseClass - Chrome Browser launched
2025-11-08 16:36:19 [main] INFO  BaseClass - Browser launched successfully
2025-11-08 16:36:19 [main] TRACE BaseClass - Trace: Browser launched
2025-11-08 16:36:19 [main] WARN  BaseClass - Warn: Browser launch warning
2025-11-08 16:36:19 [main] INFO  BaseClass - Action Driver initialized successfully
2025-11-08 16:36:20 [main] INFO  BaseClass - Browser closed and resources cleaned up
2025-11-08 16:36:21 [main] INFO  BaseClass - Chrome Browser launched
2025-11-08 16:36:27 [main] INFO  BaseClass - Browser launched successfully
2025-11-08 16:36:27 [main] TRACE BaseClass - Trace: Browser launched
2025-11-08 16:36:27 [main] WARN  BaseClass - Warn: Browser launch warning
2025-11-08 16:36:27 [main] INFO  BaseClass - Action Driver initialized successfully
2025-11-08 16:36:27 [main] INFO  ActionDriver - Element is visible: By.name: username
2025-11-08 16:36:27 [main] INFO  ActionDriver - Typed text 'Admin' into element: By.name: username
2025-11-08 16:36:27 [main] INFO  ActionDriver - Element is visible: By.name: password
2025-11-08 16:36:28 [main] INFO  ActionDriver - Typed text 'admin123' into element: By.name: password
2025-11-08 16:36:28 [main] INFO  ActionDriver - Element is clickable: By.xpath: //button[text()=' Login ']
2025-11-08 16:36:29 [main] INFO  ActionDriver - Clicked on element: By.xpath: //button[text()=' Login ']
2025-11-08 16:36:30 [main] INFO  ActionDriver - Element is visible: By.xpath: //*[@id="app"]/div[1]/div[1]/aside/nav/div[2]/ul/li[1]/a/span
2025-11-08 16:36:30 [main] INFO  ActionDriver - Element is displayed
2025-11-08 16:36:30 [main] INFO  ActionDriver - Element is clickable: By.className: oxd-userdropdown-name
2025-11-08 16:36:30 [main] INFO  ActionDriver - Clicked on element: By.className: oxd-userdropdown-name
2025-11-08 16:36:31 [main] INFO  ActionDriver - Element is clickable: By.linkText: Logout
2025-11-08 16:36:32 [main] INFO  ActionDriver - Clicked on element: By.linkText: Logout
2025-11-08 16:36:32 [main] INFO  BaseClass - Browser closed and resources cleaned up
2025-11-08 22:46:34 [main] INFO  BaseClass - config.properties file loaded
2025-11-08 22:46:39 [main] INFO  BaseClass - Chrome Browser launched
2025-11-08 22:46:45 [main] INFO  BaseClass - Browser launched successfully
2025-11-08 22:46:45 [main] TRACE BaseClass - Trace: Browser launched
2025-11-08 22:46:45 [main] WARN  BaseClass - Warn: Browser launch warning
2025-11-08 22:46:45 [main] INFO  BaseClass - Action Driver initialized successfully
2025-11-08 22:46:46 [main] INFO  ActionDriver - Element is visible: By.name: username
2025-11-08 22:46:46 [main] INFO  ActionDriver - Typed text name=username into element: Admin
2025-11-08 22:46:46 [main] INFO  ActionDriver - Element is visible: By.name: password
2025-11-08 22:46:46 [main] INFO  ActionDriver - Typed text name=password into element: admin12
2025-11-08 22:46:46 [main] INFO  ActionDriver - Element is clickable: By.xpath: //button[text()=' Login ']
2025-11-08 22:46:46 [main] INFO  ActionDriver - Clicked on element: text=Login
2025-11-08 22:46:58 [main] INFO  BaseClass - Browser closed and resources cleaned up
2025-11-08 22:48:38 [main] INFO  BaseClass - config.properties file loaded
2025-11-08 22:48:41 [main] INFO  BaseClass - Chrome Browser launched
2025-11-08 22:48:48 [main] INFO  BaseClass - Browser launched successfully
2025-11-08 22:48:48 [main] TRACE BaseClass - Trace: Browser launched
2025-11-08 22:48:48 [main] WARN  BaseClass - Warn: Browser launch warning
2025-11-08 22:48:48 [main] INFO  BaseClass - Action Driver initialized successfully
2025-11-08 22:48:48 [main] INFO  BaseClass - Browser closed and resources cleaned up
2025-11-08 22:48:49 [main] INFO  BaseClass - Chrome Browser launched
2025-11-08 22:48:55 [main] INFO  BaseClass - Browser launched successfully
2025-11-08 22:48:55 [main] TRACE BaseClass - Trace: Browser launched
2025-11-08 22:48:55 [main] WARN  BaseClass - Warn: Browser launch warning
2025-11-08 22:48:55 [main] INFO  BaseClass - Action Driver initialized successfully
2025-11-08 22:48:55 [main] INFO  ActionDriver - Element is visible: By.name: username
2025-11-08 22:48:56 [main] INFO  ActionDriver - Typed text name=username into element: Admin
2025-11-08 22:48:56 [main] INFO  ActionDriver - Element is visible: By.name: password
2025-11-08 22:48:56 [main] INFO  ActionDriver - Typed text name=password into element: admin12
2025-11-08 22:48:56 [main] INFO  ActionDriver - Element is clickable: By.xpath: //button[text()=' Login ']
2025-11-08 22:48:56 [main] INFO  ActionDriver - Clicked on element: text=Login
2025-11-08 22:49:42 [main] INFO  BaseClass - Browser closed and resources cleaned up
2025-11-08 22:49:43 [main] INFO  BaseClass - Chrome Browser launched
2025-11-08 22:49:50 [main] INFO  BaseClass - Browser launched successfully
2025-11-08 22:49:50 [main] TRACE BaseClass - Trace: Browser launched
2025-11-08 22:49:50 [main] WARN  BaseClass - Warn: Browser launch warning
2025-11-08 22:49:50 [main] INFO  BaseClass - Action Driver initialized successfully
2025-11-08 22:49:50 [main] INFO  ActionDriver - Element is visible: By.name: username
2025-11-08 22:49:50 [main] INFO  ActionDriver - Typed text name=username into element: Admin
2025-11-08 22:49:50 [main] INFO  ActionDriver - Element is visible: By.name: password
2025-11-08 22:49:50 [main] INFO  ActionDriver - Typed text name=password into element: admin123
2025-11-08 22:49:50 [main] INFO  ActionDriver - Element is clickable: By.xpath: //button[text()=' Login ']
2025-11-08 22:49:50 [main] INFO  ActionDriver - Clicked on element: text=Login
2025-11-08 22:49:52 [main] INFO  ActionDriver - Element is visible: By.xpath: //*[@id="app"]/div[1]/div[1]/aside/nav/div[2]/ul/li[1]/a/span
2025-11-08 22:49:52 [main] INFO  ActionDriver - Element is displayedtext=Admin
2025-11-08 22:49:52 [main] INFO  ActionDriver - Element is clickable: By.className: oxd-userdropdown-name
2025-11-08 22:49:52 [main] INFO  ActionDriver - Clicked on element: text=LEE 1234#3##
2025-11-08 22:49:53 [main] INFO  BaseClass - Browser closed and resources cleaned up
2025-11-08 22:51:13 [main] INFO  BaseClass - config.properties file loaded
2025-11-08 22:51:15 [main] INFO  BaseClass - Chrome Browser launched
2025-11-08 22:51:22 [main] INFO  BaseClass - Browser launched successfully
2025-11-08 22:51:22 [main] TRACE BaseClass - Trace: Browser launched
2025-11-08 22:51:22 [main] WARN  BaseClass - Warn: Browser launch warning
2025-11-08 22:51:22 [main] INFO  BaseClass - Action Driver initialized successfully
2025-11-08 22:51:22 [main] INFO  BaseClass - Browser closed and resources cleaned up
2025-11-08 22:51:23 [main] INFO  BaseClass - Chrome Browser launched
2025-11-08 22:51:29 [main] INFO  BaseClass - Browser launched successfully
2025-11-08 22:51:29 [main] TRACE BaseClass - Trace: Browser launched
2025-11-08 22:51:29 [main] WARN  BaseClass - Warn: Browser launch warning
2025-11-08 22:51:29 [main] INFO  BaseClass - Action Driver initialized successfully
2025-11-08 22:51:29 [main] INFO  ActionDriver - Element is visible: By.name: username
2025-11-08 22:51:29 [main] INFO  ActionDriver - Typed text name=username into element: Admin
2025-11-08 22:51:29 [main] INFO  ActionDriver - Element is visible: By.name: password
2025-11-08 22:51:29 [main] INFO  ActionDriver - Typed text name=password into element: admin123
2025-11-08 22:51:29 [main] INFO  ActionDriver - Element is clickable: By.xpath: //button[text()=' Login ']
2025-11-08 22:51:30 [main] INFO  ActionDriver - Clicked on element: text=Login
2025-11-08 22:51:31 [main] INFO  ActionDriver - Element is visible: By.xpath: //*[@id="app"]/div[1]/div[1]/aside/nav/div[2]/ul/li[1]/a/span
2025-11-08 22:51:32 [main] INFO  ActionDriver - Element is displayedtext=Admin
2025-11-08 22:51:32 [main] INFO  ActionDriver - Element is clickable: By.className: oxd-userdropdown-name
2025-11-08 22:51:32 [main] INFO  ActionDriver - Clicked on element: text=LEE 1234#3##
2025-11-08 22:51:32 [main] INFO  ActionDriver - Element is clickable: By.linkText: Logout
2025-11-08 22:51:33 [main] INFO  ActionDriver - Clicked on element: text=Logout
2025-11-08 22:51:34 [main] INFO  BaseClass - Browser closed and resources cleaned up
2025-11-10 20:28:28 [main] INFO  BaseClass - config.properties file loaded
2025-11-10 20:28:31 [main] INFO  BaseClass - Chrome Browser launched
2025-11-10 20:28:38 [main] INFO  BaseClass - Browser launched successfully
2025-11-10 20:28:38 [main] TRACE BaseClass - Trace: Browser launched
2025-11-10 20:28:38 [main] WARN  BaseClass - Warn: Browser launch warning
2025-11-10 20:28:38 [main] INFO  BaseClass - Action Driver initialized successfullymain
2025-11-10 20:28:38 [main] INFO  ActionDriver - Element is visible: By.name: username
2025-11-10 20:28:38 [main] INFO  ActionDriver - Typed text name=username into element: Admin
2025-11-10 20:28:38 [main] INFO  ActionDriver - Element is visible: By.name: password
2025-11-10 20:28:38 [main] INFO  ActionDriver - Typed text name=password into element: admin123
2025-11-10 20:28:38 [main] INFO  ActionDriver - Element is clickable: By.xpath: //button[text()=' Login ']
2025-11-10 20:28:38 [main] INFO  ActionDriver - Clicked on element: text=Login
2025-11-10 20:28:40 [main] INFO  ActionDriver - Element is visible: By.xpath: //*[@id="app"]/div[1]/div[1]/aside/nav/div[2]/ul/li[1]/a/span
2025-11-10 20:28:40 [main] INFO  ActionDriver - Element is displayedtext=Admin
2025-11-10 20:28:40 [main] INFO  ActionDriver - Element is clickable: By.className: oxd-userdropdown-name
2025-11-10 20:28:40 [main] INFO  ActionDriver - Clicked on element: text=manda krishna
2025-11-10 20:28:41 [main] INFO  BaseClass - Browser closed and resources cleaned up
2025-11-10 22:43:10 [main] INFO  BaseClass - config.properties file loaded
2025-11-10 22:43:15 [TestNG-test-Test-3] INFO  BaseClass - Chrome Browser launched
2025-11-10 22:43:15 [TestNG-test-Test-1] INFO  BaseClass - Chrome Browser launched
2025-11-10 22:43:15 [TestNG-test-Test-2] INFO  BaseClass - Chrome Browser launched
2025-11-10 22:43:18 [TestNG-test-Test-3] INFO  BaseClass - Browser launched successfully
2025-11-10 22:43:18 [TestNG-test-Test-1] INFO  BaseClass - Browser launched successfully
2025-11-10 22:43:18 [TestNG-test-Test-3] TRACE BaseClass - Trace: Browser launched
2025-11-10 22:43:18 [TestNG-test-Test-2] INFO  BaseClass - Browser launched successfully
2025-11-10 22:43:18 [TestNG-test-Test-1] TRACE BaseClass - Trace: Browser launched
2025-11-10 22:43:18 [TestNG-test-Test-2] TRACE BaseClass - Trace: Browser launched
2025-11-10 22:43:18 [TestNG-test-Test-3] WARN  BaseClass - Warn: Browser launch warning
2025-11-10 22:43:18 [TestNG-test-Test-1] WARN  BaseClass - Warn: Browser launch warning
2025-11-10 22:43:18 [TestNG-test-Test-2] WARN  BaseClass - Warn: Browser launch warning
2025-11-10 22:43:18 [TestNG-test-Test-2] INFO  BaseClass - Action Driver initialized successfully for thread: TestNG-test-Test-2
2025-11-10 22:43:18 [TestNG-test-Test-1] INFO  BaseClass - Action Driver initialized successfully for thread: TestNG-test-Test-1
2025-11-10 22:43:18 [TestNG-test-Test-3] INFO  BaseClass - Action Driver initialized successfully for thread: TestNG-test-Test-3
2025-11-10 22:43:18 [TestNG-test-Test-1] INFO  BaseClass - Browser closed and resources cleaned up
2025-11-10 22:44:19 [TestNG-test-Test-3] INFO  BaseClass - Browser closed and resources cleaned up
2025-11-10 22:44:19 [TestNG-test-Test-2] INFO  BaseClass - Browser closed and resources cleaned up
2025-11-10 22:44:20 [TestNG-test-Test-2] INFO  BaseClass - Chrome Browser launched
2025-11-10 22:44:23 [TestNG-test-Test-2] INFO  BaseClass - Browser launched successfully
2025-11-10 22:44:23 [TestNG-test-Test-2] TRACE BaseClass - Trace: Browser launched
2025-11-10 22:44:23 [TestNG-test-Test-2] WARN  BaseClass - Warn: Browser launch warning
2025-11-10 22:44:23 [TestNG-test-Test-2] INFO  BaseClass - Action Driver initialized successfully for thread: TestNG-test-Test-2
2025-11-10 22:45:23 [TestNG-test-Test-2] INFO  BaseClass - Browser closed and resources cleaned up
2025-11-10 22:46:23 [main] INFO  BaseClass - config.properties file loaded
2025-11-10 22:46:25 [TestNG-tests-1] INFO  BaseClass - Chrome Browser launched
2025-11-10 22:46:28 [TestNG-tests-1] INFO  BaseClass - Browser launched successfully
2025-11-10 22:46:28 [TestNG-tests-1] TRACE BaseClass - Trace: Browser launched
2025-11-10 22:46:28 [TestNG-tests-1] WARN  BaseClass - Warn: Browser launch warning
2025-11-10 22:46:28 [TestNG-tests-1] INFO  BaseClass - Action Driver initialized successfully for thread: TestNG-tests-1
2025-11-10 22:46:28 [TestNG-tests-1] INFO  BaseClass - Browser closed and resources cleaned up
2025-11-10 22:46:29 [TestNG-tests-1] INFO  BaseClass - Chrome Browser launched
2025-11-10 22:46:32 [TestNG-tests-1] INFO  BaseClass - Browser launched successfully
2025-11-10 22:46:32 [TestNG-tests-1] TRACE BaseClass - Trace: Browser launched
2025-11-10 22:46:32 [TestNG-tests-1] WARN  BaseClass - Warn: Browser launch warning
2025-11-10 22:46:32 [TestNG-tests-1] INFO  BaseClass - Action Driver initialized successfully for thread: TestNG-tests-1
2025-11-10 22:46:35 [TestNG-tests-1] INFO  BaseClass - Browser closed and resources cleaned up
2025-11-10 22:46:36 [TestNG-tests-1] INFO  BaseClass - Chrome Browser launched
2025-11-10 22:46:39 [TestNG-tests-1] INFO  BaseClass - Browser launched successfully
2025-11-10 22:46:39 [TestNG-tests-1] TRACE BaseClass - Trace: Browser launched
2025-11-10 22:46:39 [TestNG-tests-1] WARN  BaseClass - Warn: Browser launch warning
2025-11-10 22:46:39 [TestNG-tests-1] INFO  BaseClass - Action Driver initialized successfully for thread: TestNG-tests-1
2025-11-10 22:46:39 [TestNG-tests-1] INFO  BaseClass - Browser closed and resources cleaned up
2025-11-10 22:52:14 [main] INFO  BaseClass - cf.properties file loaded
2025-11-10 22:52:16 [TestNG-tests-1] INFO  BaseClass - Chrome Browser launched
2025-11-10 22:52:19 [TestNG-tests-1] INFO  BaseClass - Browser launched successfully
2025-11-10 22:52:19 [TestNG-tests-1] TRACE BaseClass - Trace: Browser launched
2025-11-10 22:52:19 [TestNG-tests-1] WARN  BaseClass - Warn: Browser launch warning
2025-11-10 22:52:19 [TestNG-tests-1] INFO  BaseClass - Action Driver initialized successfully for thread: TestNG-tests-1
2025-11-10 22:52:19 [TestNG-tests-1] INFO  BaseClass - Browser closed and resources cleaned up
2025-11-10 22:52:20 [TestNG-tests-1] INFO  BaseClass - Chrome Browser launched
2025-11-10 22:52:23 [TestNG-tests-1] INFO  BaseClass - Browser launched successfully
2025-11-10 22:52:23 [TestNG-tests-1] TRACE BaseClass - Trace: Browser launched
2025-11-10 22:52:23 [TestNG-tests-1] WARN  BaseClass - Warn: Browser launch warning
2025-11-10 22:52:23 [TestNG-tests-1] INFO  BaseClass - Action Driver initialized successfully for thread: TestNG-tests-1
2025-11-10 23:38:51 [main] INFO  BaseClass - cf.properties file loaded
2025-11-10 23:38:54 [TestNG-tests-1] INFO  BaseClass - Chrome Browser launched
2025-11-10 23:38:57 [TestNG-tests-1] INFO  BaseClass - Browser launched successfully
2025-11-10 23:38:57 [TestNG-tests-1] TRACE BaseClass - Trace: Browser launched
2025-11-10 23:38:57 [TestNG-tests-1] WARN  BaseClass - Warn: Browser launch warning
2025-11-10 23:38:57 [TestNG-tests-1] INFO  BaseClass - Action Driver initialized successfully for thread: TestNG-tests-1
2025-11-10 23:38:57 [TestNG-tests-1] INFO  BaseClass - Browser closed and resources cleaned up
2025-11-10 23:39:02 [TestNG-tests-1] INFO  BaseClass - Chrome Browser launched
2025-11-10 23:39:05 [TestNG-tests-1] INFO  BaseClass - Browser launched successfully
2025-11-10 23:39:05 [TestNG-tests-1] TRACE BaseClass - Trace: Browser launched
2025-11-10 23:39:05 [TestNG-tests-1] WARN  BaseClass - Warn: Browser launch warning
2025-11-10 23:39:05 [TestNG-tests-1] INFO  BaseClass - Action Driver initialized successfully for thread: TestNG-tests-1
2025-11-10 23:45:30 [main] INFO  BaseClass - cf.properties file loaded
2025-11-10 23:45:33 [main] INFO  BaseClass - Chrome Browser launched
2025-11-10 23:45:36 [main] INFO  BaseClass - Browser launched successfully
2025-11-10 23:45:36 [main] TRACE BaseClass - Trace: Browser launched
2025-11-10 23:45:36 [main] WARN  BaseClass - Warn: Browser launch warning
2025-11-10 23:45:36 [main] INFO  BaseClass - Action Driver initialized successfully for thread: main
2025-11-10 23:45:39 [main] INFO  BaseClass - Browser closed and resources cleaned up
2025-11-10 23:45:40 [main] INFO  BaseClass - Chrome Browser launched
2025-11-10 23:45:43 [main] INFO  BaseClass - Browser launched successfully
2025-11-10 23:45:43 [main] TRACE BaseClass - Trace: Browser launched
2025-11-10 23:45:43 [main] WARN  BaseClass - Warn: Browser launch warning
2025-11-10 23:45:43 [main] INFO  BaseClass - Action Driver initialized successfully for thread: main
2025-11-10 23:45:43 [main] INFO  BaseClass - Browser closed and resources cleaned up
2025-11-10 23:45:44 [main] INFO  BaseClass - Chrome Browser launched
2025-11-10 23:48:43 [main] INFO  BaseClass - cf.properties file loaded
2025-11-10 23:48:48 [TestNG-tests-1] INFO  BaseClass - Chrome Browser launched
2025-11-10 23:48:51 [TestNG-tests-1] INFO  BaseClass - Browser launched successfully
2025-11-10 23:48:51 [TestNG-tests-1] TRACE BaseClass - Trace: Browser launched
2025-11-10 23:48:51 [TestNG-tests-1] WARN  BaseClass - Warn: Browser launch warning
2025-11-10 23:48:51 [TestNG-tests-1] INFO  BaseClass - Action Driver initialized successfully for thread: TestNG-tests-1
2025-11-10 23:48:51 [TestNG-tests-1] INFO  BaseClass - Browser closed and resources cleaned up
2025-11-10 23:48:52 [TestNG-tests-1] INFO  BaseClass - Chrome Browser launched
2025-11-10 23:48:55 [TestNG-tests-1] INFO  BaseClass - Browser launched successfully
2025-11-10 23:48:55 [TestNG-tests-1] TRACE BaseClass - Trace: Browser launched
2025-11-10 23:48:55 [TestNG-tests-1] WARN  BaseClass - Warn: Browser launch warning
2025-11-10 23:48:55 [TestNG-tests-1] INFO  BaseClass - Action Driver initialized successfully for thread: TestNG-tests-1
2025-11-10 23:48:57 [TestNG-tests-1] INFO  BaseClass - Browser closed and resources cleaned up
2025-11-10 23:48:58 [TestNG-tests-1] INFO  BaseClass - Chrome Browser launched
2025-11-10 23:49:01 [TestNG-tests-1] INFO  BaseClass - Browser launched successfully
2025-11-10 23:49:01 [TestNG-tests-1] TRACE BaseClass - Trace: Browser launched
2025-11-10 23:49:01 [TestNG-tests-1] WARN  BaseClass - Warn: Browser launch warning
2025-11-10 23:49:01 [TestNG-tests-1] INFO  BaseClass - Action Driver initialized successfully for thread: TestNG-tests-1
2025-11-10 23:49:36 [main] INFO  BaseClass - cf.properties file loaded
2025-11-10 23:49:39 [main] INFO  BaseClass - Chrome Browser launched
2025-11-10 23:49:42 [main] INFO  BaseClass - Browser launched successfully
2025-11-10 23:49:42 [main] TRACE BaseClass - Trace: Browser launched
2025-11-10 23:49:42 [main] WARN  BaseClass - Warn: Browser launch warning
2025-11-10 23:49:42 [main] INFO  BaseClass - Action Driver initialized successfully for thread: main
2025-11-10 23:53:57 [main] INFO  BaseClass - cf.properties file loaded
2025-11-10 23:53:59 [TestNG-tests-1] INFO  BaseClass - Chrome Browser launched
2025-11-10 23:54:02 [TestNG-tests-1] INFO  BaseClass - Browser launched successfully
2025-11-10 23:54:02 [TestNG-tests-1] TRACE BaseClass - Trace: Browser launched
2025-11-10 23:54:02 [TestNG-tests-1] WARN  BaseClass - Warn: Browser launch warning
2025-11-10 23:54:02 [TestNG-tests-1] INFO  BaseClass - Action Driver initialized successfully for thread: TestNG-tests-1
2025-11-10 23:54:02 [TestNG-tests-1] INFO  BaseClass - Browser closed and resources cleaned up
2025-11-10 23:54:03 [TestNG-tests-1] INFO  BaseClass - Chrome Browser launched
2025-11-10 23:54:06 [TestNG-tests-1] INFO  BaseClass - Browser launched successfully
2025-11-10 23:54:06 [TestNG-tests-1] TRACE BaseClass - Trace: Browser launched
2025-11-10 23:54:06 [TestNG-tests-1] WARN  BaseClass - Warn: Browser launch warning
2025-11-10 23:54:06 [TestNG-tests-1] INFO  BaseClass - Action Driver initialized successfully for thread: TestNG-tests-1
2025-11-11 00:00:06 [main] INFO  BaseClass - cf.properties file loaded
2025-11-11 00:00:09 [TestNG-tests-1] INFO  BaseClass - Chrome Browser launched
2025-11-11 00:00:12 [TestNG-tests-1] INFO  BaseClass - Browser launched successfully
2025-11-11 00:00:12 [TestNG-tests-1] TRACE BaseClass - Trace: Browser launched
2025-11-11 00:00:12 [TestNG-tests-1] WARN  BaseClass - Warn: Browser launch warning
2025-11-11 00:00:12 [TestNG-tests-1] INFO  BaseClass - Action Driver initialized successfully for thread: TestNG-tests-1
2025-11-11 00:00:12 [TestNG-tests-1] INFO  BaseClass - Browser closed and resources cleaned up
2025-11-11 00:00:13 [TestNG-tests-1] INFO  BaseClass - Chrome Browser launched
2025-11-11 00:00:16 [TestNG-tests-1] INFO  BaseClass - Browser launched successfully
2025-11-11 00:00:16 [TestNG-tests-1] TRACE BaseClass - Trace: Browser launched
2025-11-11 00:00:16 [TestNG-tests-1] WARN  BaseClass - Warn: Browser launch warning
2025-11-11 00:00:16 [TestNG-tests-1] INFO  BaseClass - Action Driver initialized successfully for thread: TestNG-tests-1
2025-11-11 00:04:24 [main] INFO  BaseClass - cf.properties file loaded
2025-11-11 00:04:27 [TestNG-tests-1] INFO  BaseClass - Chrome Browser launched
2025-11-11 00:04:30 [TestNG-tests-1] INFO  BaseClass - Browser launched successfully
2025-11-11 00:04:30 [TestNG-tests-1] TRACE BaseClass - Trace: Browser launched
2025-11-11 00:04:30 [TestNG-tests-1] WARN  BaseClass - Warn: Browser launch warning
2025-11-11 00:04:30 [TestNG-tests-1] INFO  BaseClass - Action Driver initialized successfully for thread: TestNG-tests-1
2025-11-11 00:04:30 [TestNG-tests-1] INFO  BaseClass - Browser closed and resources cleaned up
2025-11-11 00:04:31 [TestNG-tests-1] INFO  BaseClass - Chrome Browser launched
2025-11-11 00:04:34 [TestNG-tests-1] INFO  BaseClass - Browser launched successfully
2025-11-11 00:04:34 [TestNG-tests-1] TRACE BaseClass - Trace: Browser launched
2025-11-11 00:04:34 [TestNG-tests-1] WARN  BaseClass - Warn: Browser launch warning
2025-11-11 00:04:34 [TestNG-tests-1] INFO  BaseClass - Action Driver initialized successfully for thread: TestNG-tests-1
2025-11-11 00:11:29 [main] INFO  BaseClass - cf.properties file loaded
2025-11-11 00:11:32 [TestNG-tests-1] INFO  BaseClass - Chrome Browser launched
2025-11-11 00:11:35 [TestNG-tests-1] INFO  BaseClass - Browser launched successfully
2025-11-11 00:11:35 [TestNG-tests-1] TRACE BaseClass - Trace: Browser launched
2025-11-11 00:11:35 [TestNG-tests-1] WARN  BaseClass - Warn: Browser launch warning
2025-11-11 00:11:35 [TestNG-tests-1] INFO  BaseClass - Action Driver initialized successfully for thread: TestNG-tests-1
2025-11-11 00:11:36 [TestNG-tests-1] INFO  BaseClass - Browser closed and resources cleaned up
2025-11-11 00:11:37 [TestNG-tests-1] INFO  BaseClass - Chrome Browser launched
2025-11-11 00:11:40 [TestNG-tests-1] INFO  BaseClass - Browser launched successfully
2025-11-11 00:11:40 [TestNG-tests-1] TRACE BaseClass - Trace: Browser launched
2025-11-11 00:11:40 [TestNG-tests-1] WARN  BaseClass - Warn: Browser launch warning
2025-11-11 00:11:40 [TestNG-tests-1] INFO  BaseClass - Action Driver initialized successfully for thread: TestNG-tests-1
2025-11-11 00:13:49 [main] INFO  BaseClass - cf.properties file loaded
2025-11-11 00:13:52 [main] INFO  BaseClass - Chrome Browser launched
2025-11-11 00:13:55 [main] INFO  BaseClass - Browser launched successfully
2025-11-11 00:13:55 [main] TRACE BaseClass - Trace: Browser launched
2025-11-11 00:13:55 [main] WARN  BaseClass - Warn: Browser launch warning
2025-11-11 00:13:55 [main] INFO  BaseClass - Action Driver initialized successfully for thread: main
2025-11-11 00:14:56 [main] INFO  BaseClass - Browser closed and resources cleaned up
2025-11-11 00:14:58 [main] INFO  BaseClass - Chrome Browser launched
2025-11-11 00:15:01 [main] INFO  BaseClass - Browser launched successfully
2025-11-11 00:15:01 [main] TRACE BaseClass - Trace: Browser launched
2025-11-11 00:15:01 [main] WARN  BaseClass - Warn: Browser launch warning
2025-11-11 00:15:01 [main] INFO  BaseClass - Action Driver initialized successfully for thread: main
2025-11-11 00:16:02 [main] INFO  BaseClass - Browser closed and resources cleaned up
2025-11-11 00:16:03 [main] INFO  BaseClass - Chrome Browser launched
2025-11-11 00:16:06 [main] INFO  BaseClass - Browser launched successfully
2025-11-11 00:16:06 [main] TRACE BaseClass - Trace: Browser launched
2025-11-11 00:16:06 [main] WARN  BaseClass - Warn: Browser launch warning
2025-11-11 00:16:06 [main] INFO  BaseClass - Action Driver initialized successfully for thread: main
2025-11-11 00:17:06 [main] INFO  BaseClass - Browser closed and resources cleaned up
2025-11-11 00:25:17 [main] INFO  BaseClass - cf.properties file loaded
2025-11-11 00:25:20 [main] INFO  BaseClass - Chrome Browser launched
2025-11-11 00:25:23 [main] INFO  BaseClass - Browser launched successfully
2025-11-11 00:25:23 [main] TRACE BaseClass - Trace: Browser launched
2025-11-11 00:25:23 [main] WARN  BaseClass - Warn: Browser launch warning
2025-11-11 00:25:23 [main] INFO  BaseClass - Action Driver initialized successfully for thread: main
2025-11-11 00:26:24 [main] INFO  BaseClass - Browser closed and resources cleaned up
2025-11-11 00:26:25 [main] INFO  BaseClass - Chrome Browser launched
2025-11-11 00:26:28 [main] INFO  BaseClass - Browser launched successfully
2025-11-11 00:26:28 [main] TRACE BaseClass - Trace: Browser launched
2025-11-11 00:26:28 [main] WARN  BaseClass - Warn: Browser launch warning
2025-11-11 00:26:28 [main] INFO  BaseClass - Action Driver initialized successfully for thread: main
2025-11-11 00:30:32 [main] INFO  BaseClass - cf.properties file loaded
2025-11-11 00:30:36 [TestNG-test-Test-1] INFO  BaseClass - Chrome Browser launched
2025-11-11 00:30:36 [TestNG-test-Test-2] INFO  BaseClass - Chrome Browser launched
2025-11-11 00:30:36 [TestNG-test-Test-3] INFO  BaseClass - Chrome Browser launched
2025-11-11 00:30:41 [TestNG-test-Test-1] INFO  BaseClass - Navigated to URL: https://opensource-demo.orangehrmlive.com/web/index.php/auth/login
2025-11-11 00:30:42 [TestNG-test-Test-2] INFO  BaseClass - Navigated to URL: https://opensource-demo.orangehrmlive.com/web/index.php/auth/login
2025-11-11 00:30:42 [TestNG-test-Test-3] INFO  BaseClass - Navigated to URL: https://opensource-demo.orangehrmlive.com/web/index.php/auth/login
2025-11-11 00:30:44 [TestNG-test-Test-1] INFO  BaseClass - Browser launched successfully
2025-11-11 00:30:44 [TestNG-test-Test-1] TRACE BaseClass - Trace: Browser launched
2025-11-11 00:30:44 [TestNG-test-Test-1] WARN  BaseClass - Warn: Browser launch warning
2025-11-11 00:30:44 [TestNG-test-Test-1] INFO  BaseClass - Action Driver initialized successfully for thread: TestNG-test-Test-1
2025-11-11 00:30:44 [TestNG-test-Test-1] INFO  BaseClass - Browser closed and resources cleaned up
2025-11-11 00:30:45 [TestNG-test-Test-3] INFO  BaseClass - Browser launched successfully
2025-11-11 00:30:45 [TestNG-test-Test-2] INFO  BaseClass - Browser launched successfully
2025-11-11 00:30:45 [TestNG-test-Test-3] TRACE BaseClass - Trace: Browser launched
2025-11-11 00:30:45 [TestNG-test-Test-2] TRACE BaseClass - Trace: Browser launched
2025-11-11 00:30:45 [TestNG-test-Test-2] WARN  BaseClass - Warn: Browser launch warning
2025-11-11 00:30:45 [TestNG-test-Test-3] WARN  BaseClass - Warn: Browser launch warning
2025-11-11 00:30:45 [TestNG-test-Test-2] INFO  BaseClass - Action Driver initialized successfully for thread: TestNG-test-Test-2
2025-11-11 00:30:45 [TestNG-test-Test-3] INFO  BaseClass - Action Driver initialized successfully for thread: TestNG-test-Test-3
2025-11-11 00:30:45 [TestNG-test-Test-2] INFO  ActionDriver - Element is visible: By.name: username
2025-11-11 00:30:45 [TestNG-test-Test-3] INFO  ActionDriver - Element is visible: By.name: username
2025-11-11 00:30:45 [TestNG-test-Test-2] INFO  ActionDriver - Typed text name=username into element: Admin
2025-11-11 00:30:45 [TestNG-test-Test-3] INFO  ActionDriver - Typed text name=username into element: Admin
2025-11-11 00:30:45 [TestNG-test-Test-2] INFO  ActionDriver - Element is visible: By.name: password
2025-11-11 00:30:45 [TestNG-test-Test-3] INFO  ActionDriver - Element is visible: By.name: password
2025-11-11 00:30:46 [TestNG-test-Test-2] INFO  ActionDriver - Typed text name=password into element: admin12
2025-11-11 00:30:46 [TestNG-test-Test-3] INFO  ActionDriver - Typed text name=password into element: admin123
2025-11-11 00:30:46 [TestNG-test-Test-2] INFO  ActionDriver - Element is clickable: By.xpath: //button[text()=' Login ']
2025-11-11 00:30:46 [TestNG-test-Test-3] INFO  ActionDriver - Element is clickable: By.xpath: //button[text()=' Login ']
2025-11-11 00:30:46 [TestNG-test-Test-3] INFO  ActionDriver - Clicked on element: text=Login
2025-11-11 00:30:47 [TestNG-test-Test-2] INFO  ActionDriver - Clicked on element: text=Login
2025-11-11 00:30:49 [TestNG-test-Test-3] INFO  ActionDriver - Element is visible: By.xpath: //*[@id="app"]/div[1]/div[1]/aside/nav/div[1]/a/div[2]/img
2025-11-11 00:30:49 [TestNG-test-Test-3] INFO  ActionDriver - Element is displayedUnable to fetch element describtion
2025-11-11 00:30:50 [TestNG-test-Test-3] INFO  ActionDriver - Element is clickable: By.className: oxd-userdropdown-name
2025-11-11 00:30:50 [TestNG-test-Test-3] INFO  ActionDriver - Clicked on element: text=mandaa user
2025-11-11 00:30:51 [TestNG-test-Test-3] INFO  ActionDriver - Element is clickable: By.linkText: Logout
2025-11-11 00:30:52 [TestNG-test-Test-3] INFO  ActionDriver - Clicked on element: text=Logout
2025-11-11 00:30:53 [TestNG-test-Test-3] INFO  BaseClass - Browser closed and resources cleaned up
2025-11-11 00:32:06 [main] INFO  BaseClass - cf.properties file loaded
2025-11-11 00:32:09 [main] INFO  BaseClass - Chrome Browser launched
2025-11-11 00:32:12 [main] INFO  BaseClass - Navigated to URL: https://opensource-demo.orangehrmlive.com/web/index.php/auth/login
2025-11-11 00:32:15 [main] INFO  BaseClass - Browser launched successfully
2025-11-11 00:32:15 [main] TRACE BaseClass - Trace: Browser launched
2025-11-11 00:32:15 [main] WARN  BaseClass - Warn: Browser launch warning
2025-11-11 00:32:15 [main] INFO  BaseClass - Action Driver initialized successfully for thread: main
2025-11-11 00:32:16 [main] INFO  ActionDriver - Element is visible: By.name: username
2025-11-11 00:32:16 [main] INFO  ActionDriver - Typed text name=username into element: Admin
2025-11-11 00:32:16 [main] INFO  ActionDriver - Element is visible: By.name: password
2025-11-11 00:32:17 [main] INFO  ActionDriver - Typed text name=password into element: admin12
2025-11-11 00:32:18 [main] INFO  ActionDriver - Element is clickable: By.xpath: //button[text()=' Login ']
2025-11-11 00:32:18 [main] INFO  ActionDriver - Clicked on element: text=Login
2025-11-11 00:40:00 [main] INFO  BaseClass - cf.properties file loaded
2025-11-11 00:40:04 [TestNG-test-Test-2] INFO  BaseClass - Chrome Browser launched
2025-11-11 00:40:04 [TestNG-test-Test-3] INFO  BaseClass - Chrome Browser launched
2025-11-11 00:40:04 [TestNG-test-Test-1] INFO  BaseClass - Chrome Browser launched
2025-11-11 00:40:06 [TestNG-test-Test-1] INFO  BaseClass - Navigated to URL: https://opensource-demo.orangehrmlive.com/web/index.php/auth/login
2025-11-11 00:40:08 [TestNG-test-Test-2] INFO  BaseClass - Navigated to URL: https://opensource-demo.orangehrmlive.com/web/index.php/auth/login
2025-11-11 00:40:09 [TestNG-test-Test-3] INFO  BaseClass - Navigated to URL: https://opensource-demo.orangehrmlive.com/web/index.php/auth/login
2025-11-11 00:40:09 [TestNG-test-Test-1] INFO  BaseClass - Browser launched successfully
2025-11-11 00:40:09 [TestNG-test-Test-1] TRACE BaseClass - Trace: Browser launched
2025-11-11 00:40:09 [TestNG-test-Test-1] WARN  BaseClass - Warn: Browser launch warning
2025-11-11 00:40:09 [TestNG-test-Test-1] INFO  BaseClass - Action Driver initialized successfully for thread: TestNG-test-Test-1
2025-11-11 00:40:10 [TestNG-test-Test-1] INFO  BaseClass - Browser closed successfully
2025-11-11 00:40:10 [TestNG-test-Test-1] INFO  BaseClass - Browser closed and resources cleaned up
2025-11-11 00:40:11 [TestNG-test-Test-2] INFO  BaseClass - Browser launched successfully
2025-11-11 00:40:11 [TestNG-test-Test-2] TRACE BaseClass - Trace: Browser launched
2025-11-11 00:40:11 [TestNG-test-Test-2] WARN  BaseClass - Warn: Browser launch warning
2025-11-11 00:40:11 [TestNG-test-Test-2] INFO  BaseClass - Action Driver initialized successfully for thread: TestNG-test-Test-2
2025-11-11 00:40:11 [TestNG-test-Test-2] INFO  ActionDriver - Element is visible: By.name: username
2025-11-11 00:40:12 [TestNG-test-Test-2] INFO  ActionDriver - Typed text name=username into element: Admin
2025-11-11 00:40:12 [TestNG-test-Test-3] INFO  BaseClass - Browser launched successfully
2025-11-11 00:40:12 [TestNG-test-Test-3] TRACE BaseClass - Trace: Browser launched
2025-11-11 00:40:12 [TestNG-test-Test-2] INFO  ActionDriver - Element is visible: By.name: password
2025-11-11 00:40:12 [TestNG-test-Test-3] WARN  BaseClass - Warn: Browser launch warning
2025-11-11 00:40:12 [TestNG-test-Test-3] INFO  BaseClass - Action Driver initialized successfully for thread: TestNG-test-Test-3
2025-11-11 00:40:12 [TestNG-test-Test-3] INFO  ActionDriver - Element is visible: By.name: username
2025-11-11 00:40:12 [TestNG-test-Test-2] INFO  ActionDriver - Typed text name=password into element: admin12
2025-11-11 00:40:12 [TestNG-test-Test-3] INFO  ActionDriver - Typed text name=username into element: Admin
2025-11-11 00:40:13 [TestNG-test-Test-3] INFO  ActionDriver - Element is visible: By.name: password
2025-11-11 00:40:13 [TestNG-test-Test-2] INFO  ActionDriver - Element is clickable: By.xpath: //button[text()=' Login ']
2025-11-11 00:40:13 [TestNG-test-Test-3] INFO  ActionDriver - Typed text name=password into element: admin123
2025-11-11 00:40:13 [TestNG-test-Test-3] INFO  ActionDriver - Element is clickable: By.xpath: //button[text()=' Login ']
2025-11-11 00:40:14 [TestNG-test-Test-3] INFO  ActionDriver - Clicked on element: text=Login
2025-11-11 00:40:14 [TestNG-test-Test-2] INFO  ActionDriver - Clicked on element: text=Login
2025-11-11 00:40:16 [TestNG-test-Test-3] INFO  ActionDriver - Element is visible: By.xpath: //*[@id="app"]/div[1]/div[1]/aside/nav/div[1]/a/div[2]/img
2025-11-11 00:40:16 [TestNG-test-Test-3] INFO  ActionDriver - Element is displayedUnable to fetch element describtion
2025-11-11 00:40:16 [TestNG-test-Test-3] INFO  ActionDriver - Element is clickable: By.className: oxd-userdropdown-name
2025-11-11 00:40:17 [TestNG-test-Test-3] INFO  ActionDriver - Clicked on element: text=mandaa user
2025-11-11 00:40:17 [TestNG-test-Test-3] INFO  ActionDriver - Element is clickable: By.linkText: Logout
2025-11-11 00:40:19 [TestNG-test-Test-3] INFO  ActionDriver - Clicked on element: text=Logout
2025-11-11 00:40:19 [TestNG-test-Test-3] INFO  BaseClass - Browser closed successfully
2025-11-11 00:40:19 [TestNG-test-Test-3] INFO  BaseClass - Browser closed and resources cleaned up
2025-11-11 00:51:30 [main] INFO  BaseClass - cf.properties file loaded
2025-11-11 00:51:43 [TestNG-test-Test-2] INFO  BaseClass - Chrome Browser launched
2025-11-11 00:51:43 [TestNG-test-Test-1] INFO  BaseClass - Chrome Browser launched
2025-11-11 00:51:43 [TestNG-test-Test-3] INFO  BaseClass - Chrome Browser launched
2025-11-11 00:51:48 [TestNG-test-Test-2] INFO  BaseClass - Navigated to URL: https://opensource-demo.orangehrmlive.com/web/index.php/auth/login
2025-11-11 00:51:48 [TestNG-test-Test-1] INFO  BaseClass - Navigated to URL: https://opensource-demo.orangehrmlive.com/web/index.php/auth/login
2025-11-11 00:51:48 [TestNG-test-Test-3] INFO  BaseClass - Navigated to URL: https://opensource-demo.orangehrmlive.com/web/index.php/auth/login
2025-11-11 00:51:51 [TestNG-test-Test-2] INFO  BaseClass - Browser launched successfully
2025-11-11 00:51:51 [TestNG-test-Test-1] INFO  BaseClass - Browser launched successfully
2025-11-11 00:51:51 [TestNG-test-Test-2] TRACE BaseClass - Trace: Browser launched
2025-11-11 00:51:51 [TestNG-test-Test-1] TRACE BaseClass - Trace: Browser launched
2025-11-11 00:51:51 [TestNG-test-Test-2] WARN  BaseClass - Warn: Browser launch warning
2025-11-11 00:51:51 [TestNG-test-Test-1] WARN  BaseClass - Warn: Browser launch warning
2025-11-11 00:51:51 [TestNG-test-Test-1] INFO  BaseClass - Action Driver initialized successfully for thread: TestNG-test-Test-1
2025-11-11 00:51:51 [TestNG-test-Test-2] INFO  BaseClass - Action Driver initialized successfully for thread: TestNG-test-Test-2
2025-11-11 00:51:51 [TestNG-test-Test-3] INFO  BaseClass - Browser launched successfully
2025-11-11 00:51:51 [TestNG-test-Test-3] TRACE BaseClass - Trace: Browser launched
2025-11-11 00:51:51 [TestNG-test-Test-3] WARN  BaseClass - Warn: Browser launch warning
2025-11-11 00:51:51 [TestNG-test-Test-3] INFO  BaseClass - Action Driver initialized successfully for thread: TestNG-test-Test-3
2025-11-11 00:51:51 [TestNG-test-Test-2] INFO  ActionDriver - Element is visible: By.name: username
2025-11-11 00:51:51 [TestNG-test-Test-3] INFO  ActionDriver - Element is visible: By.name: username
2025-11-11 00:51:52 [TestNG-test-Test-1] INFO  BaseClass - Browser closed successfully
2025-11-11 00:51:52 [TestNG-test-Test-1] INFO  BaseClass - Browser closed and resources cleaned up
2025-11-11 00:51:52 [TestNG-test-Test-3] INFO  ActionDriver - Typed text name=username into element: Admin
2025-11-11 00:51:52 [TestNG-test-Test-2] INFO  ActionDriver - Typed text name=username into element: Admin
2025-11-11 00:51:52 [TestNG-test-Test-2] INFO  ActionDriver - Element is visible: By.name: password
2025-11-11 00:51:52 [TestNG-test-Test-3] INFO  ActionDriver - Element is visible: By.name: password
2025-11-11 00:51:52 [TestNG-test-Test-2] INFO  ActionDriver - Typed text name=password into element: admin12
2025-11-11 00:51:52 [TestNG-test-Test-3] INFO  ActionDriver - Typed text name=password into element: admin123
2025-11-11 00:51:53 [TestNG-test-Test-2] INFO  ActionDriver - Element is clickable: By.xpath: //button[text()=' Login ']
2025-11-11 00:51:53 [TestNG-test-Test-3] INFO  ActionDriver - Element is clickable: By.xpath: //button[text()=' Login ']
2025-11-11 00:51:53 [TestNG-test-Test-3] INFO  ActionDriver - Clicked on element: text=Login
2025-11-11 00:51:54 [TestNG-test-Test-2] INFO  ActionDriver - Clicked on element: text=Login
2025-11-11 00:51:56 [TestNG-test-Test-3] INFO  ActionDriver - Element is visible: By.xpath: //*[@id="app"]/div[1]/div[1]/aside/nav/div[1]/a/div[2]/img
2025-11-11 00:51:57 [TestNG-test-Test-3] INFO  ActionDriver - Element is displayedUnable to fetch element describtion
2025-11-11 00:51:57 [TestNG-test-Test-3] INFO  ActionDriver - Element is clickable: By.className: oxd-userdropdown-name
2025-11-11 00:51:58 [TestNG-test-Test-3] INFO  ActionDriver - Clicked on element: text=mandaa user
2025-11-11 00:51:58 [TestNG-test-Test-3] INFO  ActionDriver - Element is clickable: By.linkText: Logout
2025-11-11 00:52:00 [TestNG-test-Test-3] INFO  ActionDriver - Clicked on element: text=Logout
2025-11-11 00:52:00 [TestNG-test-Test-3] INFO  BaseClass - Browser closed successfully
2025-11-11 00:52:00 [TestNG-test-Test-3] INFO  BaseClass - Browser closed and resources cleaned up
2025-11-11 00:57:08 [main] INFO  BaseClass - cf.properties file loaded
2025-11-11 00:57:10 [TestNG-test-Test-1] INFO  BaseClass - Chrome Browser launched
2025-11-11 00:57:10 [TestNG-test-Test-3] INFO  BaseClass - Chrome Browser launched
2025-11-11 00:57:10 [TestNG-test-Test-2] INFO  BaseClass - Chrome Browser launched
2025-11-11 00:57:14 [TestNG-test-Test-3] INFO  BaseClass - Navigated to URL: https://opensource-demo.orangehrmlive.com/web/index.php/auth/login
2025-11-11 00:57:14 [TestNG-test-Test-2] INFO  BaseClass - Navigated to URL: https://opensource-demo.orangehrmlive.com/web/index.php/auth/login
2025-11-11 00:57:14 [TestNG-test-Test-1] INFO  BaseClass - Navigated to URL: https://opensource-demo.orangehrmlive.com/web/index.php/auth/login
2025-11-11 00:57:17 [TestNG-test-Test-3] INFO  BaseClass - Browser launched successfully
2025-11-11 00:57:17 [TestNG-test-Test-3] TRACE BaseClass - Trace: Browser launched
2025-11-11 00:57:17 [TestNG-test-Test-3] WARN  BaseClass - Warn: Browser launch warning
2025-11-11 00:57:17 [TestNG-test-Test-3] INFO  BaseClass - Action Driver initialized successfully for thread: TestNG-test-Test-3
2025-11-11 00:57:17 [TestNG-test-Test-2] INFO  BaseClass - Browser launched successfully
2025-11-11 00:57:17 [TestNG-test-Test-2] TRACE BaseClass - Trace: Browser launched
2025-11-11 00:57:17 [TestNG-test-Test-2] WARN  BaseClass - Warn: Browser launch warning
2025-11-11 00:57:17 [TestNG-test-Test-2] INFO  BaseClass - Action Driver initialized successfully for thread: TestNG-test-Test-2
2025-11-11 00:57:17 [TestNG-test-Test-3] INFO  ActionDriver - Element is visible: By.name: username
2025-11-11 00:57:17 [TestNG-test-Test-2] INFO  ActionDriver - Element is visible: By.name: username
2025-11-11 00:57:17 [TestNG-test-Test-1] INFO  BaseClass - Browser launched successfully
2025-11-11 00:57:17 [TestNG-test-Test-1] TRACE BaseClass - Trace: Browser launched
2025-11-11 00:57:17 [TestNG-test-Test-1] WARN  BaseClass - Warn: Browser launch warning
2025-11-11 00:57:17 [TestNG-test-Test-1] INFO  BaseClass - Action Driver initialized successfully for thread: TestNG-test-Test-1
2025-11-11 00:57:18 [TestNG-test-Test-2] INFO  ActionDriver - Typed text name=username into element: Admin
2025-11-11 00:57:18 [TestNG-test-Test-3] INFO  ActionDriver - Typed text name=username into element: Admin
2025-11-11 00:57:18 [TestNG-test-Test-2] INFO  ActionDriver - Element is visible: By.name: password
2025-11-11 00:57:18 [TestNG-test-Test-3] INFO  ActionDriver - Element is visible: By.name: password
2025-11-11 00:57:18 [TestNG-test-Test-1] INFO  BaseClass - Browser closed successfully
2025-11-11 00:57:18 [TestNG-test-Test-1] INFO  BaseClass - Browser closed and resources cleaned up
2025-11-11 00:57:18 [TestNG-test-Test-2] INFO  ActionDriver - Typed text name=password into element: admin12
2025-11-11 00:57:18 [TestNG-test-Test-3] INFO  ActionDriver - Typed text name=password into element: admin123
2025-11-11 00:57:18 [TestNG-test-Test-2] INFO  ActionDriver - Element is clickable: By.xpath: //button[text()=' Login ']
2025-11-11 00:57:18 [TestNG-test-Test-3] INFO  ActionDriver - Element is clickable: By.xpath: //button[text()=' Login ']
2025-11-11 00:57:18 [TestNG-test-Test-3] INFO  ActionDriver - Clicked on element: text=Login
2025-11-11 00:57:19 [TestNG-test-Test-2] INFO  ActionDriver - Clicked on element: text=Login
2025-11-11 00:57:20 [TestNG-test-Test-3] INFO  ActionDriver - Element is visible: By.xpath: //*[@id="app"]/div[1]/div[1]/aside/nav/div[1]/a/div[2]/img
2025-11-11 00:57:20 [TestNG-test-Test-3] INFO  ActionDriver - Element is displayedUnable to fetch element describtion
2025-11-11 00:57:20 [TestNG-test-Test-3] INFO  ActionDriver - Element is clickable: By.className: oxd-userdropdown-name
2025-11-11 00:57:20 [TestNG-test-Test-3] INFO  ActionDriver - Clicked on element: text=mandaa user
2025-11-11 00:57:21 [TestNG-test-Test-3] INFO  ActionDriver - Element is clickable: By.linkText: Logout
2025-11-11 00:57:22 [TestNG-test-Test-3] INFO  ActionDriver - Clicked on element: text=Logout
2025-11-11 00:57:23 [TestNG-test-Test-3] INFO  BaseClass - Browser closed successfully
2025-11-11 00:57:23 [TestNG-test-Test-3] INFO  BaseClass - Browser closed and resources cleaned up
2025-11-11 01:00:27 [main] INFO  BaseClass - cf.properties file loaded
2025-11-11 01:00:29 [TestNG-test-Test-3] INFO  BaseClass - Chrome Browser launched
2025-11-11 01:00:29 [TestNG-test-Test-2] INFO  BaseClass - Chrome Browser launched
2025-11-11 01:00:29 [TestNG-test-Test-1] INFO  BaseClass - Chrome Browser launched
2025-11-11 01:00:33 [TestNG-test-Test-3] INFO  BaseClass - Navigated to URL: https://opensource-demo.orangehrmlive.com/web/index.php/auth/login
2025-11-11 01:00:33 [TestNG-test-Test-2] INFO  BaseClass - Navigated to URL: https://opensource-demo.orangehrmlive.com/web/index.php/auth/login
2025-11-11 01:00:33 [TestNG-test-Test-1] INFO  BaseClass - Navigated to URL: https://opensource-demo.orangehrmlive.com/web/index.php/auth/login
2025-11-11 01:00:36 [TestNG-test-Test-3] INFO  BaseClass - Browser launched successfully
2025-11-11 01:00:36 [TestNG-test-Test-3] TRACE BaseClass - Trace: Browser launched
2025-11-11 01:00:36 [TestNG-test-Test-3] WARN  BaseClass - Warn: Browser launch warning
2025-11-11 01:00:36 [TestNG-test-Test-3] INFO  BaseClass - Action Driver initialized successfully for thread: TestNG-test-Test-3
2025-11-11 01:00:36 [TestNG-test-Test-3] INFO  ActionDriver - Element is visible: By.name: username
2025-11-11 01:00:36 [TestNG-test-Test-2] INFO  BaseClass - Browser launched successfully
2025-11-11 01:00:36 [TestNG-test-Test-2] TRACE BaseClass - Trace: Browser launched
2025-11-11 01:00:36 [TestNG-test-Test-2] WARN  BaseClass - Warn: Browser launch warning
2025-11-11 01:00:36 [TestNG-test-Test-2] INFO  BaseClass - Action Driver initialized successfully for thread: TestNG-test-Test-2
2025-11-11 01:00:36 [TestNG-test-Test-1] INFO  BaseClass - Browser launched successfully
2025-11-11 01:00:36 [TestNG-test-Test-1] TRACE BaseClass - Trace: Browser launched
2025-11-11 01:00:36 [TestNG-test-Test-1] WARN  BaseClass - Warn: Browser launch warning
2025-11-11 01:00:36 [TestNG-test-Test-1] INFO  BaseClass - Action Driver initialized successfully for thread: TestNG-test-Test-1
2025-11-11 01:00:36 [TestNG-test-Test-2] INFO  ActionDriver - Element is visible: By.name: username
2025-11-11 01:00:36 [TestNG-test-Test-3] INFO  ActionDriver - Typed text name=username into element: Admin
2025-11-11 01:00:36 [TestNG-test-Test-3] INFO  ActionDriver - Element is visible: By.name: password
2025-11-11 01:00:36 [TestNG-test-Test-2] INFO  ActionDriver - Typed text name=username into element: Admin
2025-11-11 01:00:36 [TestNG-test-Test-2] INFO  ActionDriver - Element is visible: By.name: password
2025-11-11 01:00:36 [TestNG-test-Test-1] INFO  BaseClass - Browser closed successfully
2025-11-11 01:00:36 [TestNG-test-Test-1] INFO  BaseClass - Browser closed and resources cleaned up
2025-11-11 01:00:36 [TestNG-test-Test-3] INFO  ActionDriver - Typed text name=password into element: admin123
2025-11-11 01:00:36 [TestNG-test-Test-2] INFO  ActionDriver - Typed text name=password into element: admin12
2025-11-11 01:00:36 [TestNG-test-Test-3] INFO  ActionDriver - Element is clickable: By.xpath: //button[text()=' Login ']
2025-11-11 01:00:37 [TestNG-test-Test-2] INFO  ActionDriver - Element is clickable: By.xpath: //button[text()=' Login ']
2025-11-11 01:00:38 [TestNG-test-Test-3] INFO  ActionDriver - Clicked on element: text=Login
2025-11-11 01:00:38 [TestNG-test-Test-2] INFO  ActionDriver - Clicked on element: text=Login
2025-11-11 01:00:38 [TestNG-test-Test-3] INFO  ActionDriver - Element is visible: By.xpath: //*[@id="app"]/div[1]/div[1]/aside/nav/div[1]/a/div[2]/img
2025-11-11 01:00:38 [TestNG-test-Test-3] INFO  ActionDriver - Element is displayed Unable to fetch element describtion
2025-11-11 01:00:39 [TestNG-test-Test-3] INFO  ActionDriver - Element is clickable: By.className: oxd-userdropdown-name
2025-11-11 01:00:39 [TestNG-test-Test-3] INFO  ActionDriver - Clicked on element: text=mandaa user
2025-11-11 01:00:39 [TestNG-test-Test-3] INFO  ActionDriver - Element is clickable: By.linkText: Logout
2025-11-11 01:00:42 [TestNG-test-Test-3] INFO  ActionDriver - Clicked on element: text=Logout
2025-11-11 01:00:42 [TestNG-test-Test-3] INFO  BaseClass - Browser closed successfully
2025-11-11 01:00:42 [TestNG-test-Test-3] INFO  BaseClass - Browser closed and resources cleaned up
2025-11-11 01:04:18 [main] INFO  BaseClass - cf.properties file loaded
2025-11-11 01:04:20 [TestNG-test-Test-3] INFO  BaseClass - Chrome Browser launched
2025-11-11 01:04:20 [TestNG-test-Test-2] INFO  BaseClass - Chrome Browser launched
2025-11-11 01:04:20 [TestNG-test-Test-1] INFO  BaseClass - Chrome Browser launched
2025-11-11 01:04:24 [TestNG-test-Test-2] INFO  BaseClass - Navigated to URL: https://opensource-demo.orangehrmlive.com/web/index.php/auth/login
2025-11-11 01:04:24 [TestNG-test-Test-3] INFO  BaseClass - Navigated to URL: https://opensource-demo.orangehrmlive.com/web/index.php/auth/login
2025-11-11 01:04:24 [TestNG-test-Test-1] INFO  BaseClass - Navigated to URL: https://opensource-demo.orangehrmlive.com/web/index.php/auth/login
2025-11-11 01:04:27 [TestNG-test-Test-2] INFO  BaseClass - Browser launched successfully
2025-11-11 01:04:27 [TestNG-test-Test-2] TRACE BaseClass - Trace: Browser launched
2025-11-11 01:04:27 [TestNG-test-Test-2] WARN  BaseClass - Warn: Browser launch warning
2025-11-11 01:04:27 [TestNG-test-Test-2] INFO  BaseClass - Action Driver initialized successfully for thread: TestNG-test-Test-2
2025-11-11 01:04:27 [TestNG-test-Test-3] INFO  BaseClass - Browser launched successfully
2025-11-11 01:04:27 [TestNG-test-Test-3] TRACE BaseClass - Trace: Browser launched
2025-11-11 01:04:27 [TestNG-test-Test-3] WARN  BaseClass - Warn: Browser launch warning
2025-11-11 01:04:27 [TestNG-test-Test-3] INFO  BaseClass - Action Driver initialized successfully for thread: TestNG-test-Test-3
2025-11-11 01:04:27 [TestNG-test-Test-2] INFO  ActionDriver - Element is visible: By.name: username
2025-11-11 01:04:27 [TestNG-test-Test-3] INFO  ActionDriver - Element is visible: By.name: username
2025-11-11 01:04:27 [TestNG-test-Test-1] INFO  BaseClass - Browser launched successfully
2025-11-11 01:04:27 [TestNG-test-Test-1] TRACE BaseClass - Trace: Browser launched
2025-11-11 01:04:27 [TestNG-test-Test-1] WARN  BaseClass - Warn: Browser launch warning
2025-11-11 01:04:27 [TestNG-test-Test-1] INFO  BaseClass - Action Driver initialized successfully for thread: TestNG-test-Test-1
2025-11-11 01:04:27 [TestNG-test-Test-1] INFO  BaseClass - Browser closed successfully
2025-11-11 01:04:27 [TestNG-test-Test-1] INFO  BaseClass - Browser closed and resources cleaned up
2025-11-11 01:04:27 [TestNG-test-Test-2] INFO  ActionDriver - Typed text name=username into element: Admin
2025-11-11 01:04:27 [TestNG-test-Test-3] INFO  ActionDriver - Typed text name=username into element: Admin
2025-11-11 01:04:27 [TestNG-test-Test-2] INFO  ActionDriver - Element is visible: By.name: password
2025-11-11 01:04:27 [TestNG-test-Test-3] INFO  ActionDriver - Element is visible: By.name: password
2025-11-11 01:04:28 [TestNG-test-Test-3] INFO  ActionDriver - Typed text name=password into element: admin123
2025-11-11 01:04:28 [TestNG-test-Test-2] INFO  ActionDriver - Typed text name=password into element: admin12
2025-11-11 01:04:28 [TestNG-test-Test-3] INFO  ActionDriver - Element is clickable: By.xpath: //button[text()=' Login ']
2025-11-11 01:04:28 [TestNG-test-Test-2] INFO  ActionDriver - Element is clickable: By.xpath: //button[text()=' Login ']
2025-11-11 01:04:28 [TestNG-test-Test-2] INFO  ActionDriver - Clicked on element: text=Login
2025-11-11 01:04:28 [TestNG-test-Test-3] INFO  ActionDriver - Clicked on element: text=Login
2025-11-11 01:04:30 [TestNG-test-Test-2] INFO  ActionDriver - Element is visible: By.xpath: //p[text()='Invalid credentials']
2025-11-11 01:04:30 [TestNG-test-Test-2] INFO  ActionDriver - Element is displayed text=Invalid credentials
2025-11-11 01:04:30 [TestNG-test-Test-2] INFO  ActionDriver - Element is visible: By.xpath: //p[text()='Invalid credentials']
2025-11-11 01:04:30 [TestNG-test-Test-2] INFO  ActionDriver - Retrieved text from element: By.xpath: //p[text()='Invalid credentials'] - Text: Invalid credentials
2025-11-11 01:04:30 [TestNG-test-Test-2] INFO  ActionDriver - Element is visible: By.xpath: //p[text()='Invalid credentials']
2025-11-11 01:04:30 [TestNG-test-Test-2] INFO  ActionDriver - Element is visible: By.xpath: //p[text()='Invalid credentials']
2025-11-11 01:04:30 [TestNG-test-Test-3] INFO  ActionDriver - Element is visible: By.xpath: //*[@id="app"]/div[1]/div[1]/aside/nav/div[1]/a/div[2]/img
2025-11-11 01:04:30 [TestNG-test-Test-2] INFO  ActionDriver - Retrieved text from element: By.xpath: //p[text()='Invalid credentials'] - Text: Invalid credentials
2025-11-11 01:04:30 [TestNG-test-Test-2] INFO  ActionDriver - Text matches: Invalid credentials
2025-11-11 01:04:30 [TestNG-test-Test-3] INFO  ActionDriver - Element is displayed Unable to fetch element describtion
2025-11-11 01:04:30 [TestNG-test-Test-2] INFO  BaseClass - Browser closed successfully
2025-11-11 01:04:30 [TestNG-test-Test-2] INFO  BaseClass - Browser closed and resources cleaned up
2025-11-11 01:04:30 [TestNG-test-Test-3] INFO  ActionDriver - Element is clickable: By.className: oxd-userdropdown-name
2025-11-11 01:04:30 [TestNG-test-Test-3] INFO  ActionDriver - Clicked on element: text=mandaa123 user
2025-11-11 01:04:31 [TestNG-test-Test-2] INFO  BaseClass - Chrome Browser launched
2025-11-11 01:04:35 [TestNG-test-Test-2] INFO  BaseClass - Navigated to URL: https://opensource-demo.orangehrmlive.com/web/index.php/auth/login
2025-11-11 01:04:38 [TestNG-test-Test-2] INFO  BaseClass - Browser launched successfully
2025-11-11 01:04:38 [TestNG-test-Test-2] TRACE BaseClass - Trace: Browser launched
2025-11-11 01:04:38 [TestNG-test-Test-2] WARN  BaseClass - Warn: Browser launch warning
2025-11-11 01:04:38 [TestNG-test-Test-2] INFO  BaseClass - Action Driver initialized successfully for thread: TestNG-test-Test-2
2025-11-11 01:04:38 [TestNG-test-Test-2] INFO  ActionDriver - Element is visible: By.name: username
2025-11-11 01:04:38 [TestNG-test-Test-2] INFO  ActionDriver - Typed text name=username into element: Admin
2025-11-11 01:04:38 [TestNG-test-Test-2] INFO  ActionDriver - Element is visible: By.name: password
2025-11-11 01:04:38 [TestNG-test-Test-2] INFO  ActionDriver - Typed text name=password into element: admin123
2025-11-11 01:04:38 [TestNG-test-Test-2] INFO  ActionDriver - Element is clickable: By.xpath: //button[text()=' Login ']
2025-11-11 01:04:39 [TestNG-test-Test-2] INFO  ActionDriver - Clicked on element: text=Login
2025-11-11 01:04:41 [TestNG-test-Test-2] INFO  ActionDriver - Element is visible: By.xpath: //*[@id="app"]/div[1]/div[1]/aside/nav/div[2]/ul/li[1]/a/span
2025-11-11 01:04:41 [TestNG-test-Test-3] INFO  BaseClass - Browser closed successfully
2025-11-11 01:04:41 [TestNG-test-Test-3] INFO  BaseClass - Browser closed and resources cleaned up
2025-11-11 01:04:41 [TestNG-test-Test-2] INFO  ActionDriver - Element is displayed text=Admin
2025-11-11 01:04:41 [TestNG-test-Test-2] INFO  ActionDriver - Element is clickable: By.className: oxd-userdropdown-name
2025-11-11 01:04:41 [TestNG-test-Test-2] INFO  ActionDriver - Clicked on element: text=mandaa123 user
2025-11-11 01:04:51 [TestNG-test-Test-2] INFO  ActionDriver - Element is clickable: By.linkText: Logout
2025-11-11 01:04:51 [TestNG-test-Test-2] INFO  ActionDriver - Clicked on element: text=Logout
2025-11-11 01:04:52 [TestNG-test-Test-2] INFO  BaseClass - Browser closed successfully
2025-11-11 01:04:52 [TestNG-test-Test-2] INFO  BaseClass - Browser closed and resources cleaned up
2025-11-11 01:05:16 [main] INFO  BaseClass - cf.properties file loaded
2025-11-11 01:05:17 [TestNG-test-Test-3] INFO  BaseClass - Chrome Browser launched
2025-11-11 01:05:17 [TestNG-test-Test-1] INFO  BaseClass - Chrome Browser launched
2025-11-11 01:05:17 [TestNG-test-Test-2] INFO  BaseClass - Chrome Browser launched
2025-11-11 01:05:21 [TestNG-test-Test-3] INFO  BaseClass - Navigated to URL: https://opensource-demo.orangehrmlive.com/web/index.php/auth/login
2025-11-11 01:05:21 [TestNG-test-Test-1] INFO  BaseClass - Navigated to URL: https://opensource-demo.orangehrmlive.com/web/index.php/auth/login
2025-11-11 01:05:21 [TestNG-test-Test-2] INFO  BaseClass - Navigated to URL: https://opensource-demo.orangehrmlive.com/web/index.php/auth/login
2025-11-11 01:05:24 [TestNG-test-Test-3] INFO  BaseClass - Browser launched successfully
2025-11-11 01:05:24 [TestNG-test-Test-3] TRACE BaseClass - Trace: Browser launched
2025-11-11 01:05:24 [TestNG-test-Test-3] WARN  BaseClass - Warn: Browser launch warning
2025-11-11 01:05:24 [TestNG-test-Test-3] INFO  BaseClass - Action Driver initialized successfully for thread: TestNG-test-Test-3
2025-11-11 01:05:24 [TestNG-test-Test-1] INFO  BaseClass - Browser launched successfully
2025-11-11 01:05:24 [TestNG-test-Test-1] TRACE BaseClass - Trace: Browser launched
2025-11-11 01:05:24 [TestNG-test-Test-1] WARN  BaseClass - Warn: Browser launch warning
2025-11-11 01:05:24 [TestNG-test-Test-1] INFO  BaseClass - Action Driver initialized successfully for thread: TestNG-test-Test-1
2025-11-11 01:05:24 [TestNG-test-Test-2] INFO  BaseClass - Browser launched successfully
2025-11-11 01:05:24 [TestNG-test-Test-2] TRACE BaseClass - Trace: Browser launched
2025-11-11 01:05:24 [TestNG-test-Test-2] WARN  BaseClass - Warn: Browser launch warning
2025-11-11 01:05:24 [TestNG-test-Test-2] INFO  BaseClass - Action Driver initialized successfully for thread: TestNG-test-Test-2
2025-11-11 01:05:24 [TestNG-test-Test-3] INFO  ActionDriver - Element is visible: By.name: username
2025-11-11 01:05:24 [TestNG-test-Test-2] INFO  ActionDriver - Element is visible: By.name: username
2025-11-11 01:05:24 [TestNG-test-Test-2] INFO  ActionDriver - Typed text name=username into element: Admin
2025-11-11 01:05:24 [TestNG-test-Test-3] INFO  ActionDriver - Typed text name=username into element: Admin
2025-11-11 01:05:24 [TestNG-test-Test-2] INFO  ActionDriver - Element is visible: By.name: password
2025-11-11 01:05:24 [TestNG-test-Test-3] INFO  ActionDriver - Element is visible: By.name: password
2025-11-11 01:05:24 [TestNG-test-Test-1] INFO  BaseClass - Browser closed successfully
2025-11-11 01:05:24 [TestNG-test-Test-1] INFO  BaseClass - Browser closed and resources cleaned up
2025-11-11 01:05:24 [TestNG-test-Test-2] INFO  ActionDriver - Typed text name=password into element: admin12
2025-11-11 01:05:24 [TestNG-test-Test-3] INFO  ActionDriver - Typed text name=password into element: admin123
2025-11-11 01:05:24 [TestNG-test-Test-2] INFO  ActionDriver - Element is clickable: By.xpath: //button[text()=' Login ']
2025-11-11 01:05:24 [TestNG-test-Test-3] INFO  ActionDriver - Element is clickable: By.xpath: //button[text()=' Login ']
2025-11-11 01:05:24 [TestNG-test-Test-2] INFO  ActionDriver - Clicked on element: text=Login
2025-11-11 01:05:24 [TestNG-test-Test-3] INFO  ActionDriver - Clicked on element: text=Login
2025-11-11 01:05:26 [TestNG-test-Test-2] INFO  ActionDriver - Element is visible: By.xpath: //p[text()='Invalid credentials']
2025-11-11 01:05:26 [TestNG-test-Test-2] INFO  ActionDriver - Element is displayed text=Invalid credentials
2025-11-11 01:05:26 [TestNG-test-Test-2] INFO  ActionDriver - Element is visible: By.xpath: //p[text()='Invalid credentials']
2025-11-11 01:05:26 [TestNG-test-Test-2] INFO  ActionDriver - Retrieved text from element: By.xpath: //p[text()='Invalid credentials'] - Text: Invalid credentials
2025-11-11 01:05:26 [TestNG-test-Test-2] INFO  ActionDriver - Element is visible: By.xpath: //p[text()='Invalid credentials']
2025-11-11 01:05:26 [TestNG-test-Test-3] INFO  ActionDriver - Element is visible: By.xpath: //*[@id="app"]/div[1]/div[1]/aside/nav/div[1]/a/div[2]/img
2025-11-11 01:05:26 [TestNG-test-Test-2] INFO  ActionDriver - Element is visible: By.xpath: //p[text()='Invalid credentials']
2025-11-11 01:05:26 [TestNG-test-Test-2] INFO  ActionDriver - Retrieved text from element: By.xpath: //p[text()='Invalid credentials'] - Text: Invalid credentials
2025-11-11 01:05:26 [TestNG-test-Test-2] INFO  ActionDriver - Text matches: Invalid credentials
2025-11-11 01:05:26 [TestNG-test-Test-3] INFO  ActionDriver - Element is displayed Unable to fetch element describtion
2025-11-11 01:05:26 [TestNG-test-Test-3] INFO  ActionDriver - Element is clickable: By.className: oxd-userdropdown-name
2025-11-11 01:05:26 [TestNG-test-Test-2] INFO  BaseClass - Browser closed successfully
2025-11-11 01:05:26 [TestNG-test-Test-2] INFO  BaseClass - Browser closed and resources cleaned up
2025-11-11 01:05:26 [TestNG-test-Test-3] INFO  ActionDriver - Clicked on element: text=mandaa123 user
2025-11-11 01:05:27 [TestNG-test-Test-3] INFO  ActionDriver - Element is clickable: By.linkText: Logout
2025-11-11 01:05:27 [TestNG-test-Test-2] INFO  BaseClass - Chrome Browser launched
2025-11-11 01:05:31 [TestNG-test-Test-3] INFO  ActionDriver - Clicked on element: text=Logout
2025-11-11 01:05:31 [TestNG-test-Test-3] INFO  BaseClass - Browser closed successfully
2025-11-11 01:05:31 [TestNG-test-Test-3] INFO  BaseClass - Browser closed and resources cleaned up
2025-11-11 01:05:32 [TestNG-test-Test-2] INFO  BaseClass - Navigated to URL: https://opensource-demo.orangehrmlive.com/web/index.php/auth/login
2025-11-11 01:05:35 [TestNG-test-Test-2] INFO  BaseClass - Browser launched successfully
2025-11-11 01:05:35 [TestNG-test-Test-2] TRACE BaseClass - Trace: Browser launched
2025-11-11 01:05:35 [TestNG-test-Test-2] WARN  BaseClass - Warn: Browser launch warning
2025-11-11 01:05:35 [TestNG-test-Test-2] INFO  BaseClass - Action Driver initialized successfully for thread: TestNG-test-Test-2
2025-11-11 01:05:35 [TestNG-test-Test-2] INFO  ActionDriver - Element is visible: By.name: username
2025-11-11 01:05:35 [TestNG-test-Test-2] INFO  ActionDriver - Typed text name=username into element: Admin
2025-11-11 01:05:35 [TestNG-test-Test-2] INFO  ActionDriver - Element is visible: By.name: password
2025-11-11 01:05:35 [TestNG-test-Test-2] INFO  ActionDriver - Typed text name=password into element: admin123
2025-11-11 01:05:35 [TestNG-test-Test-2] INFO  ActionDriver - Element is clickable: By.xpath: //button[text()=' Login ']
2025-11-11 01:05:35 [TestNG-test-Test-2] INFO  ActionDriver - Clicked on element: text=Login
2025-11-11 01:05:37 [TestNG-test-Test-2] INFO  ActionDriver - Element is visible: By.xpath: //*[@id="app"]/div[1]/div[1]/aside/nav/div[2]/ul/li[1]/a/span
2025-11-11 01:05:37 [TestNG-test-Test-2] INFO  ActionDriver - Element is displayed text=Admin
2025-11-11 01:05:37 [TestNG-test-Test-2] INFO  ActionDriver - Element is clickable: By.className: oxd-userdropdown-name
2025-11-11 01:05:37 [TestNG-test-Test-2] INFO  ActionDriver - Clicked on element: text=mandaa123 user
2025-11-11 01:05:38 [TestNG-test-Test-2] INFO  ActionDriver - Element is clickable: By.linkText: Logout
2025-11-11 01:05:41 [TestNG-test-Test-2] INFO  ActionDriver - Clicked on element: text=Logout
2025-11-11 01:05:41 [TestNG-test-Test-2] INFO  BaseClass - Browser closed successfully
2025-11-11 01:05:41 [TestNG-test-Test-2] INFO  BaseClass - Browser closed and resources cleaned up
